[34mdebug[39m : [34mdebug message[39m
[31merror[39m : [31merror message[39m
[35msilly[39m : [35msilly message[39m
[36mverbose[39m : [36mverbose message[39m
[33mwarn[39m : [33mwarn message[39m
[32minfo[39m : [32minfo message[39m
[34mdebug[39m : [34mdebug message[39m
[31merror[39m : [31merror message[39m
[35msilly[39m : [35msilly message[39m
[36mverbose[39m : [36mverbose message[39m
[33mwarn[39m : [33mwarn message[39m
[32minfo[39m : [32minfo message[39m
[34mdebug[39m : [34mdebug message[39m
[31merror[39m : [31merror message[39m
[35msilly[39m : [35msilly message[39m
[36mverbose[39m : [36mverbose message[39m
[33mwarn[39m : [33mwarn message[39m
[32minfo[39m : [32minfo message[39m
[34mdebug[39m : [34mdebug message[39m
[31merror[39m : [31merror message[39m
[35msilly[39m : [35msilly message[39m
[36mverbose[39m : [36mverbose message[39m
[33mwarn[39m : [33mwarn message[39m
[32minfo[39m : [32minfo message[39m
[34mdebug[39m : [34mdebug message[39m
[31merror[39m : [31merror message[39m
[35msilly[39m : [35msilly message[39m
[36mverbose[39m : [36mverbose message[39m
[33mwarn[39m : [33mwarn message[39m
[32minfo[39m : [32minfo message[39m
[34mdebug[39m : [34mdebug message[39m
[31merror[39m : [31merror message[39m
[35msilly[39m : [35msilly message[39m
[36mverbose[39m : [36mverbose message[39m
[33mwarn[39m : [33mwarn message[39m
[32minfo[39m : [32minfo message[39m
[34mdebug[39m : [34mdebug message[39m
[31merror[39m : [31merror message[39m
[35msilly[39m : [35msilly message[39m
[36mverbose[39m : [36mverbose message[39m
[33mwarn[39m : [33mwarn message[39m
[32minfo[39m : [32minfo message[39m
[34mdebug[39m : [34mdebug message[39m
[31merror[39m : [31merror message[39m
[35msilly[39m : [35msilly message[39m
[36mverbose[39m : [36mverbose message[39m
[33mwarn[39m : [33mwarn message[39m
[32minfo[39m : [32minfo message[39m
[34mdebug[39m : [34mdebug message[39m
[31merror[39m : [31merror message[39m
[35msilly[39m : [35msilly message[39m
[36mverbose[39m : [36mverbose message[39m
[33mwarn[39m : [33mwarn message[39m
[32minfo[39m : [32minfo message[39m
[34mdebug[39m : [34mdebug message[39m
[31merror[39m : [31merror message[39m
[35msilly[39m : [35msilly message[39m
[36mverbose[39m : [36mverbose message[39m
[33mwarn[39m : [33mwarn message[39m
[32minfo[39m : [32minfo message[39m
[34mdebug[39m : [34mdebug message[39m
[31merror[39m : [31merror message[39m
[35msilly[39m : [35msilly message[39m
[36mverbose[39m : [36mverbose message[39m
[33mwarn[39m : [33mwarn message[39m
[32minfo[39m : [32minfo message[39m
[34mdebug[39m : [34mdebug message[39m
[31merror[39m : [31merror message[39m
[35msilly[39m : [35msilly message[39m
[36mverbose[39m : [36mverbose message[39m
[33mwarn[39m : [33mwarn message[39m
[32minfo[39m : [32minfo message[39m
[34mdebug[39m : [34mdebug message[39m
[31merror[39m : [31merror message[39m
[35msilly[39m : [35msilly message[39m
[36mverbose[39m : [36mverbose message[39m
[33mwarn[39m : [33mwarn message[39m
[32minfo[39m : [32minfo message[39m
[34mdebug[39m : [34mdebug message[39m
[31merror[39m : [31merror message[39m
[35msilly[39m : [35msilly message[39m
[36mverbose[39m : [36mverbose message[39m
[33mwarn[39m : [33mwarn message[39m
[32minfo[39m : [32minfo message[39m
